#
# There is insufficient memory for the Java Runtime Environment to continue.
# Native memory allocation (mmap) failed to map 108527616 bytes for committing reserved memory.
# Possible reasons:
#   The system is out of physical RAM or swap space
#   In 32 bit mode, the process size limit was hit
# Possible solutions:
#   Reduce memory load on the system
#   Increase physical memory or swap space
#   Check if swap backing store is full
#   Use 64 bit Java on a 64 bit OS
#   Decrease Java heap size (-Xmx/-Xms)
#   Decrease number of Java threads
#   Decrease Java thread stack sizes (-Xss)
#   Set larger code cache with -XX:ReservedCodeCacheSize=
# This output file may be truncated or incomplete.
#
#  Out of Memory Error (os_linux.cpp:2627), pid=15393, tid=140526538266368
#
# JRE version: Java(TM) SE Runtime Environment (8.0_66-b17) (build 1.8.0_66-b17)
# Java VM: Java HotSpot(TM) 64-Bit Server VM (25.66-b17 mixed mode linux-amd64 compressed oops)
# Failed to write core dump. Core dumps have been disabled. To enable core dumping, try "ulimit -c unlimited" before starting Java again
#

---------------  T H R E A D  ---------------

Current thread (0x00007fcef4078000):  VMThread [stack: 0x00007fcee2551000,0x00007fcee2652000] [id=15410]

Stack: [0x00007fcee2551000,0x00007fcee2652000],  sp=0x00007fcee26500e0,  free space=1020k
Native frames: (J=compiled Java code, j=interpreted, Vv=VM code, C=native code)
V  [libjvm.so+0xab9a1a]  VMError::report_and_die()+0x2ba
V  [libjvm.so+0x4f9e0b]  report_vm_out_of_memory(char const*, int, unsigned long, VMErrorType, char const*)+0x8b
V  [libjvm.so+0x91a8a3]  os::Linux::commit_memory_impl(char*, unsigned long, bool)+0x103
V  [libjvm.so+0x91adf9]  os::pd_commit_memory(char*, unsigned long, unsigned long, bool)+0x29
V  [libjvm.so+0x91510a]  os::commit_memory(char*, unsigned long, unsigned long, bool)+0x2a
V  [libjvm.so+0x9887a3]  PSVirtualSpace::expand_by(unsigned long)+0x53
V  [libjvm.so+0x979090]  PSOldGen::expand(unsigned long)+0x170
V  [libjvm.so+0x97929b]  PSOldGen::resize(unsigned long)+0x1cb
V  [libjvm.so+0x980f71]  PSParallelCompact::invoke_no_policy(bool)+0x991
V  [libjvm.so+0x9868cd]  PSScavenge::invoke()+0x1ad
V  [libjvm.so+0x93e500]  ParallelScavengeHeap::failed_mem_allocate(unsigned long)+0x70
V  [libjvm.so+0xabb437]  VM_ParallelGCFailedAllocation::doit()+0x97
V  [libjvm.so+0xac2e65]  VM_Operation::evaluate()+0x55
V  [libjvm.so+0xac123a]  VMThread::evaluate_operation(VM_Operation*)+0xba
V  [libjvm.so+0xac15be]  VMThread::loop()+0x1ce
V  [libjvm.so+0xac1a30]  VMThread::run()+0x70
V  [libjvm.so+0x91cc68]  java_start(Thread*)+0x108

VM_Operation (0x00007fcee1621af0): ParallelGCFailedAllocation, mode: safepoint, requested by thread 0x00007fcef4160000


---------------  P R O C E S S  ---------------

Java Threads: ( => current thread )
  0x00007fcef4176800 JavaThread "pool-2-thread-4" [_thread_blocked, id=15437, stack(0x00007fcee111f000,0x00007fcee1220000)]
  0x00007fcef4175000 JavaThread "pool-2-thread-3" [_thread_blocked, id=15436, stack(0x00007fcee1220000,0x00007fcee1321000)]
  0x00007fcef4173800 JavaThread "pool-2-thread-2" [_thread_blocked, id=15435, stack(0x00007fcee1321000,0x00007fcee1422000)]
  0x00007fcef4172000 JavaThread "pool-3-thread-1" [_thread_blocked, id=15434, stack(0x00007fcee1422000,0x00007fcee1523000)]
  0x00007fcef4160000 JavaThread "pool-2-thread-1" [_thread_blocked, id=15433, stack(0x00007fcee1523000,0x00007fcee1624000)]
  0x00007fcef40c2000 JavaThread "Service Thread" daemon [_thread_blocked, id=15420, stack(0x00007fcee1768000,0x00007fcee1869000)]
  0x00007fcef40bd000 JavaThread "C1 CompilerThread2" daemon [_thread_blocked, id=15419, stack(0x00007fcee1869000,0x00007fcee196a000)]
  0x00007fcef40bb000 JavaThread "C2 CompilerThread1" daemon [_thread_blocked, id=15418, stack(0x00007fcee196a000,0x00007fcee1a6b000)]
  0x00007fcef40b8000 JavaThread "C2 CompilerThread0" daemon [_thread_blocked, id=15417, stack(0x00007fcee1a6b000,0x00007fcee1b6c000)]
  0x00007fcef40b7000 JavaThread "Signal Dispatcher" daemon [_thread_blocked, id=15416, stack(0x00007fcee1b6c000,0x00007fcee1c6d000)]
  0x00007fcef407f000 JavaThread "Finalizer" daemon [_thread_blocked, id=15413, stack(0x00007fcee234f000,0x00007fcee2450000)]
  0x00007fcef407d000 JavaThread "Reference Handler" daemon [_thread_blocked, id=15412, stack(0x00007fcee2450000,0x00007fcee2551000)]
  0x00007fcef400a000 JavaThread "main" [_thread_blocked, id=15395, stack(0x00007fcefcbe4000,0x00007fcefcce5000)]

Other Threads:
=>0x00007fcef4078000 VMThread [stack: 0x00007fcee2551000,0x00007fcee2652000] [id=15410]
  0x00007fcef40c5000 WatcherThread [stack: 0x00007fcee1667000,0x00007fcee1768000] [id=15421]

VM state:at safepoint (normal execution)

VM Mutex/Monitor currently owned by a thread:  ([mutex/lock_event])
[0x00007fcef4005eb0] ExpandHeap_lock - owner thread: 0x00007fcef4078000
[0x00007fcef4006530] Threads_lock - owner thread: 0x00007fcef4078000
[0x00007fcef4006a30] Heap_lock - owner thread: 0x00007fcef4160000

Heap:
 PSYoungGen      total 286208K, used 11963K [0x00000000eab00000, 0x0000000100000000, 0x0000000100000000)
  eden space 223232K, 0% used [0x00000000eab00000,0x00000000eab00000,0x00000000f8500000)
  from space 62976K, 18% used [0x00000000f8500000,0x00000000f90aec78,0x00000000fc280000)
  to   space 61952K, 0% used [0x00000000fc380000,0x00000000fc380000,0x0000000100000000)
 ParOldGen       total 151552K, used 151232K [0x00000000c0000000, 0x00000000c9400000, 0x00000000eab00000)
  object space 151552K, 99% used [0x00000000c0000000,0x00000000c93b00e8,0x00000000c9400000)
 Metaspace       used 6509K, capacity 7256K, committed 7424K, reserved 1056768K
  class space    used 613K, capacity 656K, committed 768K, reserved 1048576K

Card table byte_map: [0x00007fcef97b4000,0x00007fcef99b5000] byte_map_base: 0x00007fcef91b4000

Marking Bits: (ParMarkBitMap*) 0x00007fcefc0c4020
 Begin Bits: [0x00007fcee3000000, 0x00007fcee4000000)
 End Bits:   [0x00007fcee4000000, 0x00007fcee5000000)

Polling page: 0x00007fcefcd0b000

CodeCache: size=245760Kb used=9832Kb max_used=9832Kb free=235927Kb
 bounds [0x00007fcee5000000, 0x00007fcee59b0000, 0x00007fcef4000000]
 total_blobs=2691 nmethods=2420 adapters=182
 compilation: enabled

Compilation events (10 events):
Event: 9.517 Thread 0x00007fcef40bd000 2666       2       com.android.dx.cf.code.BytecodeArray::parseLookupswitch (175 bytes)
Event: 9.518 Thread 0x00007fcef40bd000 nmethod 2666 0x00007fcee5989a90 code [0x00007fcee5989cc0, 0x00007fcee598a448]
Event: 9.537 Thread 0x00007fcef40bd000 2668 %     3       com.android.dx.cf.code.OneLocalsArray::makeInitialized @ 23 (55 bytes)
Event: 9.538 Thread 0x00007fcef40bd000 nmethod 2668% 0x00007fcee598ae10 code [0x00007fcee598afe0, 0x00007fcee598b718]
Event: 9.568 Thread 0x00007fcef40bd000 2669 %     3       com.android.dx.ssa.SCCP::simulateBranch @ 615 (666 bytes)
Event: 9.572 Thread 0x00007fcef40bd000 nmethod 2669% 0x00007fcee598ba90 code [0x00007fcee598bf40, 0x00007fcee598fa98]
Event: 9.572 Thread 0x00007fcef40bd000 2670       2       com.android.dx.rop.code.Rops::opDiv (29 bytes)
Event: 9.573 Thread 0x00007fcef40bd000 nmethod 2670 0x00007fcee5991710 code [0x00007fcee5991880, 0x00007fcee5991a28]
Event: 9.573 Thread 0x00007fcef40bd000 2671       3       com.android.dx.ssa.SCCP::simulateBranch (666 bytes)
Event: 9.577 Thread 0x00007fcef40bd000 nmethod 2671 0x00007fcee5991ad0 code [0x00007fcee5991f80, 0x00007fcee5995a58]

GC Heap History (10 events):
Event: 6.383 GC heap after
Heap after GC invocations=8 (full 0):
 PSYoungGen      total 271360K, used 30190K [0x00000000eab00000, 0x00000000fee00000, 0x0000000100000000)
  eden space 241152K, 0% used [0x00000000eab00000,0x00000000eab00000,0x00000000f9680000)
  from space 30208K, 99% used [0x00000000fbd80000,0x00000000fdafb9e8,0x00000000fdb00000)
  to   space 39936K, 0% used [0x00000000f9680000,0x00000000f9680000,0x00000000fbd80000)
 ParOldGen       total 84992K, used 42455K [0x00000000c0000000, 0x00000000c5300000, 0x00000000eab00000)
  object space 84992K, 49% used [0x00000000c0000000,0x00000000c2975e38,0x00000000c5300000)
 Metaspace       used 6427K, capacity 7256K, committed 7424K, reserved 1056768K
  class space    used 613K, capacity 656K, committed 768K, reserved 1048576K
}
Event: 7.316 GC heap before
{Heap before GC invocations=9 (full 0):
 PSYoungGen      total 271360K, used 271342K [0x00000000eab00000, 0x00000000fee00000, 0x0000000100000000)
  eden space 241152K, 100% used [0x00000000eab00000,0x00000000f9680000,0x00000000f9680000)
  from space 30208K, 99% used [0x00000000fbd80000,0x00000000fdafb9e8,0x00000000fdb00000)
  to   space 39936K, 0% used [0x00000000f9680000,0x00000000f9680000,0x00000000fbd80000)
 ParOldGen       total 84992K, used 42455K [0x00000000c0000000, 0x00000000c5300000, 0x00000000eab00000)
  object space 84992K, 49% used [0x00000000c0000000,0x00000000c2975e38,0x00000000c5300000)
 Metaspace       used 6495K, capacity 7256K, committed 7424K, reserved 1056768K
  class space    used 613K, capacity 656K, committed 768K, reserved 1048576K
Event: 7.472 GC heap after
Heap after GC invocations=9 (full 0):
 PSYoungGen      total 281088K, used 39918K [0x00000000eab00000, 0x0000000100000000, 0x0000000100000000)
  eden space 241152K, 0% used [0x00000000eab00000,0x00000000eab00000,0x00000000f9680000)
  from space 39936K, 99% used [0x00000000f9680000,0x00000000fbd7b8c0,0x00000000fbd80000)
  to   space 56832K, 0% used [0x00000000fc880000,0x00000000fc880000,0x0000000100000000)
 ParOldGen       total 84992K, used 66888K [0x00000000c0000000, 0x00000000c5300000, 0x00000000eab00000)
  object space 84992K, 78% used [0x00000000c0000000,0x00000000c41522f8,0x00000000c5300000)
 Metaspace       used 6495K, capacity 7256K, committed 7424K, reserved 1056768K
  class space    used 613K, capacity 656K, committed 768K, reserved 1048576K
}
Event: 7.472 GC heap before
{Heap before GC invocations=10 (full 1):
 PSYoungGen      total 281088K, used 39918K [0x00000000eab00000, 0x0000000100000000, 0x0000000100000000)
  eden space 241152K, 0% used [0x00000000eab00000,0x00000000eab00000,0x00000000f9680000)
  from space 39936K, 99% used [0x00000000f9680000,0x00000000fbd7b8c0,0x00000000fbd80000)
  to   space 56832K, 0% used [0x00000000fc880000,0x00000000fc880000,0x0000000100000000)
 ParOldGen       total 84992K, used 66888K [0x00000000c0000000, 0x00000000c5300000, 0x00000000eab00000)
  object space 84992K, 78% used [0x00000000c0000000,0x00000000c41522f8,0x00000000c5300000)
 Metaspace       used 6495K, capacity 7256K, committed 7424K, reserved 1056768K
  class space    used 613K, capacity 656K, committed 768K, reserved 1048576K
Event: 8.160 GC heap after
Heap after GC invocations=10 (full 1):
 PSYoungGen      total 281088K, used 16777K [0x00000000eab00000, 0x0000000100000000, 0x0000000100000000)
  eden space 241152K, 0% used [0x00000000eab00000,0x00000000eab00000,0x00000000f9680000)
  from space 39936K, 42% used [0x00000000f9680000,0x00000000fa6e2498,0x00000000fbd80000)
  to   space 56832K, 0% used [0x00000000fc880000,0x00000000fc880000,0x0000000100000000)
 ParOldGen       total 151552K, used 84591K [0x00000000c0000000, 0x00000000c9400000, 0x00000000eab00000)
  object space 151552K, 55% used [0x00000000c0000000,0x00000000c529bda8,0x00000000c9400000)
 Metaspace       used 6495K, capacity 7256K, committed 7424K, reserved 1056768K
  class space    used 613K, capacity 656K, committed 768K, reserved 1048576K
}
Event: 8.898 GC heap before
{Heap before GC invocations=11 (full 1):
 PSYoungGen      total 281088K, used 257929K [0x00000000eab00000, 0x0000000100000000, 0x0000000100000000)
  eden space 241152K, 100% used [0x00000000eab00000,0x00000000f9680000,0x00000000f9680000)
  from space 39936K, 42% used [0x00000000f9680000,0x00000000fa6e2498,0x00000000fbd80000)
  to   space 56832K, 0% used [0x00000000fc880000,0x00000000fc880000,0x0000000100000000)
 ParOldGen       total 151552K, used 84591K [0x00000000c0000000, 0x00000000c9400000, 0x00000000eab00000)
  object space 151552K, 55% used [0x00000000c0000000,0x00000000c529bda8,0x00000000c9400000)
 Metaspace       used 6504K, capacity 7256K, committed 7424K, reserved 1056768K
  class space    used 613K, capacity 656K, committed 768K, reserved 1048576K
Event: 8.990 GC heap after
Heap after GC invocations=11 (full 1):
 PSYoungGen      total 280064K, used 47844K [0x00000000eab00000, 0x0000000100000000, 0x0000000100000000)
  eden space 223232K, 0% used [0x00000000eab00000,0x00000000eab00000,0x00000000f8500000)
  from space 56832K, 84% used [0x00000000fc880000,0x00000000ff7393f8,0x0000000100000000)
  to   space 62976K, 0% used [0x00000000f8500000,0x00000000f8500000,0x00000000fc280000)
 ParOldGen       total 151552K, used 89285K [0x00000000c0000000, 0x00000000c9400000, 0x00000000eab00000)
  object space 151552K, 58% used [0x00000000c0000000,0x00000000c5731498,0x00000000c9400000)
 Metaspace       used 6504K, capacity 7256K, committed 7424K, reserved 1056768K
  class space    used 613K, capacity 656K, committed 768K, reserved 1048576K
}
Event: 9.619 GC heap before
{Heap before GC invocations=12 (full 1):
 PSYoungGen      total 280064K, used 271076K [0x00000000eab00000, 0x0000000100000000, 0x0000000100000000)
  eden space 223232K, 100% used [0x00000000eab00000,0x00000000f8500000,0x00000000f8500000)
  from space 56832K, 84% used [0x00000000fc880000,0x00000000ff7393f8,0x0000000100000000)
  to   space 62976K, 0% used [0x00000000f8500000,0x00000000f8500000,0x00000000fc280000)
 ParOldGen       total 151552K, used 89285K [0x00000000c0000000, 0x00000000c9400000, 0x00000000eab00000)
  object space 151552K, 58% used [0x00000000c0000000,0x00000000c5731498,0x00000000c9400000)
 Metaspace       used 6509K, capacity 7256K, committed 7424K, reserved 1056768K
  class space    used 613K, capacity 656K, committed 768K, reserved 1048576K
Event: 9.952 GC heap after
Heap after GC invocations=12 (full 1):
 PSYoungGen      total 286208K, used 31533K [0x00000000eab00000, 0x0000000100000000, 0x0000000100000000)
  eden space 223232K, 0% used [0x00000000eab00000,0x00000000eab00000,0x00000000f8500000)
  from space 62976K, 50% used [0x00000000f8500000,0x00000000fa3cb600,0x00000000fc280000)
  to   space 61952K, 0% used [0x00000000fc380000,0x00000000fc380000,0x0000000100000000)
 ParOldGen       total 151552K, used 134711K [0x00000000c0000000, 0x00000000c9400000, 0x00000000eab00000)
  object space 151552K, 88% used [0x00000000c0000000,0x00000000c838dd70,0x00000000c9400000)
 Metaspace       used 6509K, capacity 7256K, committed 7424K, reserved 1056768K
  class space    used 613K, capacity 656K, committed 768K, reserved 1048576K
}
Event: 9.952 GC heap before
{Heap before GC invocations=13 (full 2):
 PSYoungGen      total 286208K, used 31533K [0x00000000eab00000, 0x0000000100000000, 0x0000000100000000)
  eden space 223232K, 0% used [0x00000000eab00000,0x00000000eab00000,0x00000000f8500000)
  from space 62976K, 50% used [0x00000000f8500000,0x00000000fa3cb600,0x00000000fc280000)
  to   space 61952K, 0% used [0x00000000fc380000,0x00000000fc380000,0x0000000100000000)
 ParOldGen       total 151552K, used 134711K [0x00000000c0000000, 0x00000000c9400000, 0x00000000eab00000)
  object space 151552K, 88% used [0x00000000c0000000,0x00000000c838dd70,0x00000000c9400000)
 Metaspace       used 6509K, capacity 7256K, committed 7424K, reserved 1056768K
  class space    used 613K, capacity 656K, committed 768K, reserved 1048576K

Deoptimization events (10 events):
Event: 7.020 Thread 0x00007fcef4175000 Uncommon trap: reason=unstable_if action=reinterpret pc=0x00007fcee546208c method=com.android.dx.dex.code.OutputFinisher.hasLocalInfo(Lcom/android/dx/dex/code/DalvInsn;)Z @ 24
Event: 7.070 Thread 0x00007fcef4160000 Uncommon trap: reason=unstable_if action=reinterpret pc=0x00007fcee58a46c4 method=com.android.dx.cf.code.BytecodeArray.parseInstruction(ILcom/android/dx/cf/code/BytecodeArray$Visitor;)I @ 1261
Event: 7.185 Thread 0x00007fcef4160000 Uncommon trap: reason=unstable_if action=reinterpret pc=0x00007fcee58cb4b4 method=com.android.dx.rop.cst.CstNat.equals(Ljava/lang/Object;)Z @ 25
Event: 7.201 Thread 0x00007fcef400a000 Uncommon trap: reason=unstable_if action=reinterpret pc=0x00007fcee550f40c method=java.util.HashMap.getNode(ILjava/lang/Object;)Ljava/util/HashMap$Node; @ 84
Event: 8.717 Thread 0x00007fcef4160000 Uncommon trap: reason=unstable_if action=reinterpret pc=0x00007fcee59124d4 method=com.android.dx.rop.code.LocalVariableInfo.mergeStarts(ILcom/android/dx/rop/code/RegisterSpecSet;)Z @ 31
Event: 9.394 Thread 0x00007fcef4175000 Uncommon trap: reason=bimorphic action=maybe_recompile pc=0x00007fcee5940db8 method=com.android.dx.rop.code.RegisterSpec.withSimpleType()Lcom/android/dx/rop/code/RegisterSpec; @ 21
Event: 9.419 Thread 0x00007fcef4176800 Uncommon trap: reason=unstable_if action=reinterpret pc=0x00007fcee56b382c method=com.android.dx.ssa.SCCP.simulateBranch(Lcom/android/dx/ssa/SsaInsn;)V @ 548
Event: 9.421 Thread 0x00007fcef4175000 Uncommon trap: reason=bimorphic action=maybe_recompile pc=0x00007fcee5940db8 method=com.android.dx.rop.code.RegisterSpec.withSimpleType()Lcom/android/dx/rop/code/RegisterSpec; @ 21
Event: 9.423 Thread 0x00007fcef4175000 Uncommon trap: reason=bimorphic action=maybe_recompile pc=0x00007fcee5940db8 method=com.android.dx.rop.code.RegisterSpec.withSimpleType()Lcom/android/dx/rop/code/RegisterSpec; @ 21
Event: 9.426 Thread 0x00007fcef4175000 Uncommon trap: reason=bimorphic action=maybe_recompile pc=0x00007fcee5940db8 method=com.android.dx.rop.code.RegisterSpec.withSimpleType()Lcom/android/dx/rop/code/RegisterSpec; @ 21

Internal exceptions (6 events):
Event: 0.101 Thread 0x00007fcef400a000 Exception <a 'java/lang/NoSuchMethodError': Method sun.misc.Unsafe.defineClass(Ljava/lang/String;[BII)Ljava/lang/Class; name or signature does not match> (0x00000000eab12b98) thrown at [/HUDSON/workspace/8-2-build-linux-amd64/jdk8u66/4988/hotspot/src/shar
Event: 0.101 Thread 0x00007fcef400a000 Exception <a 'java/lang/NoSuchMethodError': Method sun.misc.Unsafe.prefetchRead(Ljava/lang/Object;J)V name or signature does not match> (0x00000000eab12e80) thrown at [/HUDSON/workspace/8-2-build-linux-amd64/jdk8u66/4988/hotspot/src/share/vm/prims/jni.cpp
Event: 3.341 Thread 0x00007fcef4175000 Implicit null exception at 0x00007fcee52eb808 to 0x00007fcee52ee745
Event: 6.023 Thread 0x00007fcef4176800 Exception <a 'java/lang/ArrayIndexOutOfBoundsException': 18> (0x00000000f0494f88) thrown at [/HUDSON/workspace/8-2-build-linux-amd64/jdk8u66/4988/hotspot/src/share/vm/interpreter/interpreterRuntime.cpp, line 366]
Event: 6.024 Thread 0x00007fcef4176800 Exception <a 'java/lang/ArrayIndexOutOfBoundsException': 145> (0x00000000f0496b08) thrown at [/HUDSON/workspace/8-2-build-linux-amd64/jdk8u66/4988/hotspot/src/share/vm/interpreter/interpreterRuntime.cpp, line 366]
Event: 6.066 Thread 0x00007fcef4176800 Exception <a 'java/lang/ArrayIndexOutOfBoundsException'> (0x00000000f0497df0) thrown at [/HUDSON/workspace/8-2-build-linux-amd64/jdk8u66/4988/hotspot/src/share/vm/runtime/sharedRuntime.cpp, line 605]

Events (10 events):
Event: 9.557 Thread 0x00007fcef4160000 DEOPT UNPACKING pc=0x00007fcee5047633 sp=0x00007fcee1621730 mode 0
Event: 9.577 Thread 0x00007fcef4160000 DEOPT PACKING pc=0x00007fcee596c6a2 sp=0x00007fcee1621b70
Event: 9.577 Thread 0x00007fcef4160000 DEOPT UNPACKING pc=0x00007fcee5047633 sp=0x00007fcee1621950 mode 0
Event: 9.577 Thread 0x00007fcef400a000 DEOPT PACKING pc=0x00007fcee540ece2 sp=0x00007fcefcce2470
Event: 9.577 Thread 0x00007fcef400a000 DEOPT UNPACKING pc=0x00007fcee5047633 sp=0x00007fcefcce2270 mode 0
Event: 9.589 Thread 0x00007fcef400a000 DEOPT PACKING pc=0x00007fcee544faae sp=0x00007fcefcce22c0
Event: 9.589 Thread 0x00007fcef400a000 DEOPT UNPACKING pc=0x00007fcee5047633 sp=0x00007fcefcce20f0 mode 0
Event: 9.615 Thread 0x00007fcef4160000 DEOPT PACKING pc=0x00007fcee5371b33 sp=0x00007fcee1621d70
Event: 9.615 Thread 0x00007fcef4160000 DEOPT UNPACKING pc=0x00007fcee5047633 sp=0x00007fcee1621b40 mode 0
Event: 9.618 Executing VM operation: ParallelGCFailedAllocation


Dynamic libraries:
00400000-00401000 r-xp 00000000 08:01 2536503                            /usr/lib/jvm/java-8-oracle/bin/java
00600000-00601000 rw-p 00000000 08:01 2536503                            /usr/lib/jvm/java-8-oracle/bin/java
01d4f000-01d70000 rw-p 00000000 00:00 0                                  [heap]
c0000000-c9400000 rw-p 00000000 00:00 0 
cfb80000-eab00000 ---p 00000000 00:00 0 
eab00000-100000000 rw-p 00000000 00:00 0 
100000000-1000c0000 rw-p 00000000 00:00 0 
1000c0000-140000000 ---p 00000000 00:00 0 
7fce94000000-7fce94030000 rw-p 00000000 00:00 0 
7fce94030000-7fce98000000 ---p 00000000 00:00 0 
7fce9c000000-7fce9c021000 rw-p 00000000 00:00 0 
7fce9c021000-7fcea0000000 ---p 00000000 00:00 0 
7fcea0000000-7fcea0025000 rw-p 00000000 00:00 0 
7fcea0025000-7fcea4000000 ---p 00000000 00:00 0 
7fcea4000000-7fcea4034000 rw-p 00000000 00:00 0 
7fcea4034000-7fcea8000000 ---p 00000000 00:00 0 
7fcea8000000-7fcea8021000 rw-p 00000000 00:00 0 
7fcea8021000-7fceac000000 ---p 00000000 00:00 0 
7fceac000000-7fceac021000 rw-p 00000000 00:00 0 
7fceac021000-7fceb0000000 ---p 00000000 00:00 0 
7fceb0000000-7fceb0021000 rw-p 00000000 00:00 0 
7fceb0021000-7fceb4000000 ---p 00000000 00:00 0 
7fceb4000000-7fceb4f85000 rw-p 00000000 00:00 0 
7fceb4f85000-7fceb8000000 ---p 00000000 00:00 0 
7fceb8000000-7fceb8793000 rw-p 00000000 00:00 0 
7fceb8793000-7fcebc000000 ---p 00000000 00:00 0 
7fcebc000000-7fcebc021000 rw-p 00000000 00:00 0 
7fcebc021000-7fcec0000000 ---p 00000000 00:00 0 
7fcec0000000-7fcec11d1000 rw-p 00000000 00:00 0 
7fcec11d1000-7fcec4000000 ---p 00000000 00:00 0 
7fcec4000000-7fcec4021000 rw-p 00000000 00:00 0 
7fcec4021000-7fcec8000000 ---p 00000000 00:00 0 
7fcec8000000-7fcec8021000 rw-p 00000000 00:00 0 
7fcec8021000-7fcecc000000 ---p 00000000 00:00 0 
7fcecc000000-7fcecc021000 rw-p 00000000 00:00 0 
7fcecc021000-7fced0000000 ---p 00000000 00:00 0 
7fced0000000-7fced0295000 rw-p 00000000 00:00 0 
7fced0295000-7fced4000000 ---p 00000000 00:00 0 
7fced4000000-7fced4021000 rw-p 00000000 00:00 0 
7fced4021000-7fced8000000 ---p 00000000 00:00 0 
7fced8000000-7fced8021000 rw-p 00000000 00:00 0 
7fced8021000-7fcedc000000 ---p 00000000 00:00 0 
7fcedc000000-7fcedc021000 rw-p 00000000 00:00 0 
7fcedc021000-7fcee0000000 ---p 00000000 00:00 0 
7fcee111f000-7fcee1122000 ---p 00000000 00:00 0 
7fcee1122000-7fcee1220000 rw-p 00000000 00:00 0                          [stack:15437]
7fcee1220000-7fcee1223000 ---p 00000000 00:00 0 
7fcee1223000-7fcee1321000 rw-p 00000000 00:00 0                          [stack:15436]
7fcee1321000-7fcee1324000 ---p 00000000 00:00 0 
7fcee1324000-7fcee1422000 rw-p 00000000 00:00 0                          [stack:15435]
7fcee1422000-7fcee1425000 ---p 00000000 00:00 0 
7fcee1425000-7fcee1523000 rw-p 00000000 00:00 0                          [stack:15434]
7fcee1523000-7fcee1526000 ---p 00000000 00:00 0 
7fcee1526000-7fcee1624000 rw-p 00000000 00:00 0                          [stack:15433]
7fcee1624000-7fcee1658000 r--s 0027e000 08:01 879214                     /home/lcom53/media/lcom53/E/UrlPreview/app/build/intermediates/transforms/instantRunSlicer/debug/jars/1/1a/dependencies.jar
7fcee1658000-7fcee1667000 r--s 000df000 08:01 1054956                    /home/lcom53/Documents/sdk/build-tools/23.0.2/lib/dx.jar
7fcee1667000-7fcee1668000 ---p 00000000 00:00 0 
7fcee1668000-7fcee1768000 rw-p 00000000 00:00 0                          [stack:15421]
7fcee1768000-7fcee176b000 ---p 00000000 00:00 0 
7fcee176b000-7fcee1869000 rw-p 00000000 00:00 0                          [stack:15420]
7fcee1869000-7fcee186c000 ---p 00000000 00:00 0 
7fcee186c000-7fcee196a000 rw-p 00000000 00:00 0                          [stack:15419]
7fcee196a000-7fcee196d000 ---p 00000000 00:00 0 
7fcee196d000-7fcee1a6b000 rw-p 00000000 00:00 0                          [stack:15418]
7fcee1a6b000-7fcee1a6e000 ---p 00000000 00:00 0 
7fcee1a6e000-7fcee1b6c000 rw-p 00000000 00:00 0                          [stack:15417]
7fcee1b6c000-7fcee1b6f000 ---p 00000000 00:00 0 
7fcee1b6f000-7fcee1c6d000 rw-p 00000000 00:00 0                          [stack:15416]
7fcee1c6d000-7fcee234f000 r--p 00000000 08:01 2235382                    /usr/lib/locale/locale-archive
7fcee234f000-7fcee2352000 ---p 00000000 00:00 0 
7fcee2352000-7fcee2450000 rw-p 00000000 00:00 0                          [stack:15413]
7fcee2450000-7fcee2453000 ---p 00000000 00:00 0 
7fcee2453000-7fcee2551000 rw-p 00000000 00:00 0                          [stack:15412]
7fcee2551000-7fcee2552000 ---p 00000000 00:00 0 
7fcee2552000-7fcee5000000 rw-p 00000000 00:00 0                          [stack:15410]
7fcee5000000-7fcee59b0000 rwxp 00000000 00:00 0 
7fcee59b0000-7fcef4000000 ---p 00000000 00:00 0 
7fcef4000000-7fcef438e000 rw-p 00000000 00:00 0 
7fcef438e000-7fcef8000000 ---p 00000000 00:00 0 
7fcef8005000-7fcef860b000 rw-p 00000000 00:00 0 
7fcef860b000-7fcef87e4000 r--s 03d20000 08:01 2233723                    /usr/lib/jvm/java-8-oracle/jre/lib/rt.jar
7fcef87e4000-7fcef8eda000 rw-p 00000000 00:00 0 
7fcef8eda000-7fcef905a000 ---p 00000000 00:00 0 
7fcef905a000-7fcef925a000 rw-p 00000000 00:00 0 
7fcef925a000-7fcef925b000 ---p 00000000 00:00 0 
7fcef925b000-7fcef935b000 rw-p 00000000 00:00 0                          [stack:15406]
7fcef935b000-7fcef935c000 ---p 00000000 00:00 0 
7fcef935c000-7fcef945c000 rw-p 00000000 00:00 0                          [stack:15403]
7fcef945c000-7fcef945d000 ---p 00000000 00:00 0 
7fcef945d000-7fcef955d000 rw-p 00000000 00:00 0                          [stack:15401]
7fcef955d000-7fcef955e000 ---p 00000000 00:00 0 
7fcef955e000-7fcef96a8000 rw-p 00000000 00:00 0                          [stack:15400]
7fcef96a8000-7fcef97b4000 ---p 00000000 00:00 0 
7fcef97b4000-7fcef97fe000 rw-p 00000000 00:00 0 
7fcef97fe000-7fcef9909000 ---p 00000000 00:00 0 
7fcef9909000-7fcef99b4000 rw-p 00000000 00:00 0 
7fcef99b4000-7fcef99dc000 rw-p 00000000 00:00 0 
7fcef99dc000-7fcef9d75000 ---p 00000000 00:00 0 
7fcef9d75000-7fcef9d8f000 r-xp 00000000 08:01 2501189                    /usr/lib/jvm/java-8-oracle/jre/lib/amd64/libzip.so
7fcef9d8f000-7fcef9f8f000 ---p 0001a000 08:01 2501189                    /usr/lib/jvm/java-8-oracle/jre/lib/amd64/libzip.so
7fcef9f8f000-7fcef9f90000 rw-p 0001a000 08:01 2501189                    /usr/lib/jvm/java-8-oracle/jre/lib/amd64/libzip.so
7fcef9f90000-7fcef9f9b000 r-xp 00000000 08:01 4214578                    /lib/x86_64-linux-gnu/libnss_files-2.19.so
7fcef9f9b000-7fcefa19a000 ---p 0000b000 08:01 4214578                    /lib/x86_64-linux-gnu/libnss_files-2.19.so
7fcefa19a000-7fcefa19b000 r--p 0000a000 08:01 4214578                    /lib/x86_64-linux-gnu/libnss_files-2.19.so
7fcefa19b000-7fcefa19c000 rw-p 0000b000 08:01 4214578                    /lib/x86_64-linux-gnu/libnss_files-2.19.so
7fcefa19c000-7fcefa1a7000 r-xp 00000000 08:01 4214627                    /lib/x86_64-linux-gnu/libnss_nis-2.19.so
7fcefa1a7000-7fcefa3a6000 ---p 0000b000 08:01 4214627                    /lib/x86_64-linux-gnu/libnss_nis-2.19.so
7fcefa3a6000-7fcefa3a7000 r--p 0000a000 08:01 4214627                    /lib/x86_64-linux-gnu/libnss_nis-2.19.so
7fcefa3a7000-7fcefa3a8000 rw-p 0000b000 08:01 4214627                    /lib/x86_64-linux-gnu/libnss_nis-2.19.so
7fcefa3a8000-7fcefa3bf000 r-xp 00000000 08:01 4214605                    /lib/x86_64-linux-gnu/libnsl-2.19.so
7fcefa3bf000-7fcefa5be000 ---p 00017000 08:01 4214605                    /lib/x86_64-linux-gnu/libnsl-2.19.so
7fcefa5be000-7fcefa5bf000 r--p 00016000 08:01 4214605                    /lib/x86_64-linux-gnu/libnsl-2.19.so
7fcefa5bf000-7fcefa5c0000 rw-p 00017000 08:01 4214605                    /lib/x86_64-linux-gnu/libnsl-2.19.so
7fcefa5c0000-7fcefa5c2000 rw-p 00000000 00:00 0 
7fcefa5c2000-7fcefa5cb000 r-xp 00000000 08:01 4214603                    /lib/x86_64-linux-gnu/libnss_compat-2.19.so
7fcefa5cb000-7fcefa7ca000 ---p 00009000 08:01 4214603                    /lib/x86_64-linux-gnu/libnss_compat-2.19.so
7fcefa7ca000-7fcefa7cb000 r--p 00008000 08:01 4214603                    /lib/x86_64-linux-gnu/libnss_compat-2.19.so
7fcefa7cb000-7fcefa7cc000 rw-p 00009000 08:01 4214603                    /lib/x86_64-linux-gnu/libnss_compat-2.19.so
7fcefa7cc000-7fcefa7f6000 r-xp 00000000 08:01 2501220                    /usr/lib/jvm/java-8-oracle/jre/lib/amd64/libjava.so
7fcefa7f6000-7fcefa9f6000 ---p 0002a000 08:01 2501220                    /usr/lib/jvm/java-8-oracle/jre/lib/amd64/libjava.so
7fcefa9f6000-7fcefa9f8000 rw-p 0002a000 08:01 2501220                    /usr/lib/jvm/java-8-oracle/jre/lib/amd64/libjava.so
7fcefa9f8000-7fcefaa05000 r-xp 00000000 08:01 2501188                    /usr/lib/jvm/java-8-oracle/jre/lib/amd64/libverify.so
7fcefaa05000-7fcefac05000 ---p 0000d000 08:01 2501188                    /usr/lib/jvm/java-8-oracle/jre/lib/amd64/libverify.so
7fcefac05000-7fcefac07000 rw-p 0000d000 08:01 2501188                    /usr/lib/jvm/java-8-oracle/jre/lib/amd64/libverify.so
7fcefac07000-7fcefac0e000 r-xp 00000000 08:01 4214621                    /lib/x86_64-linux-gnu/librt-2.19.so
7fcefac0e000-7fcefae0d000 ---p 00007000 08:01 4214621                    /lib/x86_64-linux-gnu/librt-2.19.so
7fcefae0d000-7fcefae0e000 r--p 00006000 08:01 4214621                    /lib/x86_64-linux-gnu/librt-2.19.so
7fcefae0e000-7fcefae0f000 rw-p 00007000 08:01 4214621                    /lib/x86_64-linux-gnu/librt-2.19.so
7fcefae0f000-7fcefaf14000 r-xp 00000000 08:01 4198470                    /lib/x86_64-linux-gnu/libm-2.19.so
7fcefaf14000-7fcefb113000 ---p 00105000 08:01 4198470                    /lib/x86_64-linux-gnu/libm-2.19.so
7fcefb113000-7fcefb114000 r--p 00104000 08:01 4198470                    /lib/x86_64-linux-gnu/libm-2.19.so
7fcefb114000-7fcefb115000 rw-p 00105000 08:01 4198470                    /lib/x86_64-linux-gnu/libm-2.19.so
7fcefb115000-7fcefbdd3000 r-xp 00000000 08:01 2493478                    /usr/lib/jvm/java-8-oracle/jre/lib/amd64/server/libjvm.so
7fcefbdd3000-7fcefbfd2000 ---p 00cbe000 08:01 2493478                    /usr/lib/jvm/java-8-oracle/jre/lib/amd64/server/libjvm.so
7fcefbfd2000-7fcefc0ab000 rw-p 00cbd000 08:01 2493478                    /usr/lib/jvm/java-8-oracle/jre/lib/amd64/server/libjvm.so
7fcefc0ab000-7fcefc0ef000 rw-p 00000000 00:00 0 
7fcefc0ef000-7fcefc2aa000 r-xp 00000000 08:01 4214615                    /lib/x86_64-linux-gnu/libc-2.19.so
7fcefc2aa000-7fcefc4a9000 ---p 001bb000 08:01 4214615                    /lib/x86_64-linux-gnu/libc-2.19.so
7fcefc4a9000-7fcefc4ad000 r--p 001ba000 08:01 4214615                    /lib/x86_64-linux-gnu/libc-2.19.so
7fcefc4ad000-7fcefc4af000 rw-p 001be000 08:01 4214615                    /lib/x86_64-linux-gnu/libc-2.19.so
7fcefc4af000-7fcefc4b4000 rw-p 00000000 00:00 0 
7fcefc4b4000-7fcefc4b7000 r-xp 00000000 08:01 4214596                    /lib/x86_64-linux-gnu/libdl-2.19.so
7fcefc4b7000-7fcefc6b6000 ---p 00003000 08:01 4214596                    /lib/x86_64-linux-gnu/libdl-2.19.so
7fcefc6b6000-7fcefc6b7000 r--p 00002000 08:01 4214596                    /lib/x86_64-linux-gnu/libdl-2.19.so
7fcefc6b7000-7fcefc6b8000 rw-p 00003000 08:01 4214596                    /lib/x86_64-linux-gnu/libdl-2.19.so
7fcefc6b8000-7fcefc6cd000 r-xp 00000000 08:01 2535887                    /usr/lib/jvm/java-8-oracle/lib/amd64/jli/libjli.so
7fcefc6cd000-7fcefc8cd000 ---p 00015000 08:01 2535887                    /usr/lib/jvm/java-8-oracle/lib/amd64/jli/libjli.so
7fcefc8cd000-7fcefc8ce000 rw-p 00015000 08:01 2535887                    /usr/lib/jvm/java-8-oracle/lib/amd64/jli/libjli.so
7fcefc8ce000-7fcefc8e7000 r-xp 00000000 08:01 4214617                    /lib/x86_64-linux-gnu/libpthread-2.19.so
7fcefc8e7000-7fcefcae6000 ---p 00019000 08:01 4214617                    /lib/x86_64-linux-gnu/libpthread-2.19.so
7fcefcae6000-7fcefcae7000 r--p 00018000 08:01 4214617                    /lib/x86_64-linux-gnu/libpthread-2.19.so
7fcefcae7000-7fcefcae8000 rw-p 00019000 08:01 4214617                    /lib/x86_64-linux-gnu/libpthread-2.19.so
7fcefcae8000-7fcefcaec000 rw-p 00000000 00:00 0 
7fcefcaec000-7fcefcb0f000 r-xp 00000000 08:01 4214609                    /lib/x86_64-linux-gnu/ld-2.19.so
7fcefcb12000-7fcefcbe4000 rw-p 00000000 00:00 0 
7fcefcbe4000-7fcefcbe7000 ---p 00000000 00:00 0 
7fcefcbe7000-7fcefcce9000 rw-p 00000000 00:00 0                          [stack:15395]
7fcefcced000-7fcefcd02000 rw-p 00000000 00:00 0 
7fcefcd02000-7fcefcd0a000 rw-s 00000000 08:01 710718                     /tmp/hsperfdata_lcom53/15393
7fcefcd0a000-7fcefcd0b000 rw-p 00000000 00:00 0 
7fcefcd0b000-7fcefcd0c000 ---p 00000000 00:00 0 
7fcefcd0c000-7fcefcd0e000 rw-p 00000000 00:00 0 
7fcefcd0e000-7fcefcd0f000 r--p 00022000 08:01 4214609                    /lib/x86_64-linux-gnu/ld-2.19.so
7fcefcd0f000-7fcefcd10000 rw-p 00023000 08:01 4214609                    /lib/x86_64-linux-gnu/ld-2.19.so
7fcefcd10000-7fcefcd11000 rw-p 00000000 00:00 0 
7ffdf6f7e000-7ffdf6f9f000 rw-p 00000000 00:00 0                          [stack]
7ffdf6fdf000-7ffdf6fe1000 r-xp 00000000 00:00 0                          [vdso]
ffffffffff600000-ffffffffff601000 r-xp 00000000 00:00 0                  [vsyscall]

VM Arguments:
jvm_args: -Djava.awt.headless=true -Xmx1024M -Dfile.encoding=UTF-8 -Duser.country=IN -Duser.language=en -Duser.variant 
java_command: com.android.dx.command.Main --dex --num-threads=4 --multi-dex --output /home/lcom53/media/lcom53/E/UrlPreview/app/build/intermediates/transforms/dex/debug/folders/1000/1a/dependencies_100d1e8d1f8bed670876ef6bfb6780a7fbb70d2d /home/lcom53/media/lcom53/E/UrlPreview/app/build/intermediates/transforms/instantRunSlicer/debug/jars/1/1a/dependencies.jar
java_class_path (initial): /home/lcom53/Documents/sdk/build-tools/23.0.2/lib/dx.jar
Launcher Type: SUN_STANDARD

Environment Variables:
PATH=/usr/local/sbin:/usr/local/bin:/usr/sbin:/usr/bin:/sbin:/bin:/usr/games:/usr/local/games:/home/lcom53/Documents/sdk/tools:/home/lcom53/Documents/sdk/platform-tools
LD_LIBRARY_PATH=/home/lcom53/Documents/Studio/android-studio/bin:
SHELL=/bin/bash
DISPLAY=:0

Signal Handlers:
SIGSEGV: [libjvm.so+0xaba2a0], sa_mask[0]=11111111011111111101111111111110, sa_flags=SA_RESTART|SA_SIGINFO
SIGBUS: [libjvm.so+0xaba2a0], sa_mask[0]=11111111011111111101111111111110, sa_flags=SA_RESTART|SA_SIGINFO
SIGFPE: [libjvm.so+0x917710], sa_mask[0]=11111111011111111101111111111110, sa_flags=SA_RESTART|SA_SIGINFO
SIGPIPE: [libjvm.so+0x917710], sa_mask[0]=11111111011111111101111111111110, sa_flags=SA_RESTART|SA_SIGINFO
SIGXFSZ: [libjvm.so+0x917710], sa_mask[0]=11111111011111111101111111111110, sa_flags=SA_RESTART|SA_SIGINFO
SIGILL: [libjvm.so+0x917710], sa_mask[0]=11111111011111111101111111111110, sa_flags=SA_RESTART|SA_SIGINFO
SIGUSR1: SIG_DFL, sa_mask[0]=00000000000000000000000000000000, sa_flags=none
SIGUSR2: [libjvm.so+0x918d40], sa_mask[0]=00100000000000000000000000000000, sa_flags=SA_RESTART|SA_SIGINFO
SIGHUP: [libjvm.so+0x91a140], sa_mask[0]=11111111011111111101111111111110, sa_flags=SA_RESTART|SA_SIGINFO
SIGINT: [libjvm.so+0x91a140], sa_mask[0]=11111111011111111101111111111110, sa_flags=SA_RESTART|SA_SIGINFO
SIGTERM: [libjvm.so+0x91a140], sa_mask[0]=11111111011111111101111111111110, sa_flags=SA_RESTART|SA_SIGINFO
SIGQUIT: [libjvm.so+0x91a140], sa_mask[0]=11111111011111111101111111111110, sa_flags=SA_RESTART|SA_SIGINFO


---------------  S Y S T E M  ---------------

OS:DISTRIB_ID=Ubuntu
DISTRIB_RELEASE=14.04
DISTRIB_CODENAME=trusty
DISTRIB_DESCRIPTION="Ubuntu 14.04.3 LTS"

uname:Linux 3.13.0-65-generic #106-Ubuntu SMP Fri Oct 2 22:08:27 UTC 2015 x86_64
libc:glibc 2.19 NPTL 2.19 
rlimit: STACK 8192k, CORE 0k, NPROC 62863, NOFILE 4096, AS infinity
load average:12.66 4.18 1.93

/proc/meminfo:
MemTotal:        8068092 kB
MemFree:          121248 kB
Buffers:             516 kB
Cached:           768840 kB
SwapCached:            0 kB
Active:          6971576 kB
Inactive:         753540 kB
Active(anon):    6965284 kB
Inactive(anon):   723492 kB
Active(file):       6292 kB
Inactive(file):    30048 kB
Unevictable:          64 kB
Mlocked:              64 kB
SwapTotal:             0 kB
SwapFree:              0 kB
Dirty:               108 kB
Writeback:             0 kB
AnonPages:       6956284 kB
Mapped:           202240 kB
Shmem:            732556 kB
Slab:              83076 kB
SReclaimable:      38416 kB
SUnreclaim:        44660 kB
KernelStack:        6696 kB
PageTables:        54472 kB
NFS_Unstable:          0 kB
Bounce:                0 kB
WritebackTmp:          0 kB
CommitLimit:     4034044 kB
Committed_AS:   13045372 kB
VmallocTotal:   34359738367 kB
VmallocUsed:      357368 kB
VmallocChunk:   34359367164 kB
HardwareCorrupted:     0 kB
AnonHugePages:   3117056 kB
HugePages_Total:       0
HugePages_Free:        0
HugePages_Rsvd:        0
HugePages_Surp:        0
Hugepagesize:       2048 kB
DirectMap4k:       87896 kB
DirectMap2M:     8192000 kB


CPU:total 4 (2 cores per cpu, 2 threads per core) family 6 model 58 stepping 9, cmov, cx8, fxsr, mmx, sse, sse2, sse3, ssse3, sse4.1, sse4.2, popcnt, avx, clmul, erms, ht, tsc, tscinvbit, tscinv

/proc/cpuinfo:
processor	: 0
vendor_id	: GenuineIntel
cpu family	: 6
model		: 58
model name	: Intel(R) Core(TM) i3-3210 CPU @ 3.20GHz
stepping	: 9
microcode	: 0x15
cpu MHz		: 3200.000
cache size	: 3072 KB
physical id	: 0
siblings	: 4
core id		: 0
cpu cores	: 2
apicid		: 0
initial apicid	: 0
fpu		: yes
fpu_exception	: yes
cpuid level	: 13
wp		: yes
flags		: fpu vme de pse tsc msr pae mce cx8 apic sep mtrr pge mca cmov pat pse36 clflush dts acpi mmx fxsr sse sse2 ss ht tm pbe syscall nx rdtscp lm constant_tsc arch_perfmon pebs bts rep_good nopl xtopology nonstop_tsc aperfmperf eagerfpu pni pclmulqdq dtes64 monitor ds_cpl vmx est tm2 ssse3 cx16 xtpr pdcm pcid sse4_1 sse4_2 popcnt tsc_deadline_timer xsave avx f16c lahf_lm arat epb xsaveopt pln pts dtherm tpr_shadow vnmi flexpriority ept vpid fsgsbase smep erms
bogomips	: 6385.96
clflush size	: 64
cache_alignment	: 64
address sizes	: 36 bits physical, 48 bits virtual
power management:

processor	: 1
vendor_id	: GenuineIntel
cpu family	: 6
model		: 58
model name	: Intel(R) Core(TM) i3-3210 CPU @ 3.20GHz
stepping	: 9
microcode	: 0x15
cpu MHz		: 3200.000
cache size	: 3072 KB
physical id	: 0
siblings	: 4
core id		: 1
cpu cores	: 2
apicid		: 2
initial apicid	: 2
fpu		: yes
fpu_exception	: yes
cpuid level	: 13
wp		: yes
flags		: fpu vme de pse tsc msr pae mce cx8 apic sep mtrr pge mca cmov pat pse36 clflush dts acpi mmx fxsr sse sse2 ss ht tm pbe syscall nx rdtscp lm constant_tsc arch_perfmon pebs bts rep_good nopl xtopology nonstop_tsc aperfmperf eagerfpu pni pclmulqdq dtes64 monitor ds_cpl vmx est tm2 ssse3 cx16 xtpr pdcm pcid sse4_1 sse4_2 popcnt tsc_deadline_timer xsave avx f16c lahf_lm arat epb xsaveopt pln pts dtherm tpr_shadow vnmi flexpriority ept vpid fsgsbase smep erms
bogomips	: 6385.96
clflush size	: 64
cache_alignment	: 64
address sizes	: 36 bits physical, 48 bits virtual
power management:

processor	: 2
vendor_id	: GenuineIntel
cpu family	: 6
model		: 58
model name	: Intel(R) Core(TM) i3-3210 CPU @ 3.20GHz
stepping	: 9
microcode	: 0x15
cpu MHz		: 1600.000
cache size	: 3072 KB
physical id	: 0
siblings	: 4
core id		: 0
cpu cores	: 2
apicid		: 1
initial apicid	: 1
fpu		: yes
fpu_exception	: yes
cpuid level	: 13
wp		: yes
flags		: fpu vme de pse tsc msr pae mce cx8 apic sep mtrr pge mca cmov pat pse36 clflush dts acpi mmx fxsr sse sse2 ss ht tm pbe syscall nx rdtscp lm constant_tsc arch_perfmon pebs bts rep_good nopl xtopology nonstop_tsc aperfmperf eagerfpu pni pclmulqdq dtes64 monitor ds_cpl vmx est tm2 ssse3 cx16 xtpr pdcm pcid sse4_1 sse4_2 popcnt tsc_deadline_timer xsave avx f16c lahf_lm arat epb xsaveopt pln pts dtherm tpr_shadow vnmi flexpriority ept vpid fsgsbase smep erms
bogomips	: 6385.96
clflush size	: 64
cache_alignment	: 64
address sizes	: 36 bits physical, 48 bits virtual
power management:

processor	: 3
vendor_id	: GenuineIntel
cpu family	: 6
model		: 58
model name	: Intel(R) Core(TM) i3-3210 CPU @ 3.20GHz
stepping	: 9
microcode	: 0x15
cpu MHz		: 3200.000
cache size	: 3072 KB
physical id	: 0
siblings	: 4
core id		: 1
cpu cores	: 2
apicid		: 3
initial apicid	: 3
fpu		: yes
fpu_exception	: yes
cpuid level	: 13
wp		: yes
flags		: fpu vme de pse tsc msr pae mce cx8 apic sep mtrr pge mca cmov pat pse36 clflush dts acpi mmx fxsr sse sse2 ss ht tm pbe syscall nx rdtscp lm constant_tsc arch_perfmon pebs bts rep_good nopl xtopology nonstop_tsc aperfmperf eagerfpu pni pclmulqdq dtes64 monitor ds_cpl vmx est tm2 ssse3 cx16 xtpr pdcm pcid sse4_1 sse4_2 popcnt tsc_deadline_timer xsave avx f16c lahf_lm arat epb xsaveopt pln pts dtherm tpr_shadow vnmi flexpriority ept vpid fsgsbase smep erms
bogomips	: 6385.96
clflush size	: 64
cache_alignment	: 64
address sizes	: 36 bits physical, 48 bits virtual
power management:



Memory: 4k page, physical 8068092k(121248k free), swap 0k(0k free)

vm_info: Java HotSpot(TM) 64-Bit Server VM (25.66-b17) for linux-amd64 JRE (1.8.0_66-b17), built on Oct  6 2015 17:28:34 by "java_re" with gcc 4.3.0 20080428 (Red Hat 4.3.0-8)

time: Mon Jan 18 16:58:19 2016
elapsed time: 30 seconds (0d 0h 0m 30s)

